<?xml version="1.0" encoding="UTF-8"?>
<testng-results skipped="0" failed="0" ignored="0" total="1" passed="1">
  <reporter-output>
  </reporter-output>
  <suite name="Default suite" duration-ms="5919" started-at="2017-10-31T07:59:56Z" finished-at="2017-10-31T08:00:02Z">
    <groups>
    </groups>
    <test name="Default test" duration-ms="5919" started-at="2017-10-31T07:59:56Z" finished-at="2017-10-31T08:00:02Z">
      <class name="Testcases.homepageapplication">
        <test-method status="PASS" signature="testBegin()[pri:0, instance:Testcases.homepageapplication@305b7c14]" name="testBegin" is-config="true" duration-ms="9" started-at="2017-10-31T00:59:56Z" finished-at="2017-10-31T00:59:56Z">
          <reporter-output>
          </reporter-output>
        </test-method> <!-- testBegin -->
        <test-method status="PASS" signature="Login()[pri:0, instance:Testcases.homepageapplication@305b7c14]" name="Login" duration-ms="5903" started-at="2017-10-31T00:59:56Z" finished-at="2017-10-31T01:00:02Z">
          <reporter-output>
          </reporter-output>
        </test-method> <!-- Login -->
      </class> <!-- Testcases.homepageapplication -->
    </test> <!-- Default test -->
  </suite> <!-- Default suite -->
</testng-results>
